SF:/modernize-data/studio-data/TNT1001/APP883829/transformed-code/130/studio-workspace/Tour_Mgmt-rahcpm/src/Tour_Management.Domain/Exceptions/DomainExceptions.cs
FN:8,System.Void Tour_Management.Domain.Exceptions.NotFoundException::.ctor(System.String)
FNDA:9,System.Void Tour_Management.Domain.Exceptions.NotFoundException::.ctor(System.String)
DA:9,9
FN:12,System.Void Tour_Management.Domain.Exceptions.NotFoundException::.ctor(System.String,System.Object)
FNDA:24,System.Void Tour_Management.Domain.Exceptions.NotFoundException::.ctor(System.String,System.Object)
DA:13,24
FN:21,System.Collections.Generic.IReadOnlyDictionary`2<System.String,System.String[]> Tour_Management.Domain.Exceptions.ValidationException::get_Errors()
FNDA:6,System.Collections.Generic.IReadOnlyDictionary`2<System.String,System.String[]> Tour_Management.Domain.Exceptions.ValidationException::get_Errors()
DA:22,6
FN:24,System.Void Tour_Management.Domain.Exceptions.ValidationException::.ctor(System.String)
FNDA:4,System.Void Tour_Management.Domain.Exceptions.ValidationException::.ctor(System.String)
DA:25,4
DA:26,4
DA:27,4
DA:28,4
FN:31,System.Void Tour_Management.Domain.Exceptions.ValidationException::.ctor(System.Collections.Generic.IDictionary`2<System.String,System.String[]>)
FNDA:2,System.Void Tour_Management.Domain.Exceptions.ValidationException::.ctor(System.Collections.Generic.IDictionary`2<System.String,System.String[]>)
DA:32,2
DA:33,2
DA:34,2
DA:35,2
FN:43,System.Void Tour_Management.Domain.Exceptions.DuplicateEntityException::.ctor(System.String)
FNDA:15,System.Void Tour_Management.Domain.Exceptions.DuplicateEntityException::.ctor(System.String)
DA:44,15
LF:12
LH:12
BRF:0
BRH:0
FNF:6
FNH:6
end_of_record
SF:/modernize-data/studio-data/TNT1001/APP883829/transformed-code/130/studio-workspace/Tour_Mgmt-rahcpm/src/Tour_Management.Domain/Entities/Booking.cs
FN:8,System.Int32 Tour_Management.Domain.Entities.Booking::get_BookingId()
FNDA:31,System.Int32 Tour_Management.Domain.Entities.Booking::get_BookingId()
DA:9,31
FN:11,System.String Tour_Management.Domain.Entities.Booking::get_TourName()
FNDA:112,System.String Tour_Management.Domain.Entities.Booking::get_TourName()
DA:12,112
FN:14,System.String Tour_Management.Domain.Entities.Booking::get_Place()
FNDA:94,System.String Tour_Management.Domain.Entities.Booking::get_Place()
DA:15,94
FN:17,System.String Tour_Management.Domain.Entities.Booking::get_Email()
FNDA:103,System.String Tour_Management.Domain.Entities.Booking::get_Email()
DA:18,103
FN:20,System.String Tour_Management.Domain.Entities.Booking::get_FirstName()
FNDA:94,System.String Tour_Management.Domain.Entities.Booking::get_FirstName()
DA:21,94
FN:23,System.Nullable`1<System.Int32> Tour_Management.Domain.Entities.Booking::get_TourId()
FNDA:21,System.Nullable`1<System.Int32> Tour_Management.Domain.Entities.Booking::get_TourId()
DA:24,21
FN:26,System.DateTime Tour_Management.Domain.Entities.Booking::get_BookingDate()
FNDA:80,System.DateTime Tour_Management.Domain.Entities.Booking::get_BookingDate()
DA:27,80
FN:29,System.Boolean Tour_Management.Domain.Entities.Booking::get_IsActive()
FNDA:104,System.Boolean Tour_Management.Domain.Entities.Booking::get_IsActive()
DA:30,104
FN:32,Tour_Management.Domain.Entities.Tour Tour_Management.Domain.Entities.Booking::get_Tour()
FNDA:4,Tour_Management.Domain.Entities.Tour Tour_Management.Domain.Entities.Booking::get_Tour()
DA:33,4
FN:35,Tour_Management.Domain.Entities.UserInfo Tour_Management.Domain.Entities.Booking::get_User()
FNDA:4,Tour_Management.Domain.Entities.UserInfo Tour_Management.Domain.Entities.Booking::get_User()
DA:36,4
LF:10
LH:10
BRF:0
BRH:0
FNF:10
FNH:10
end_of_record
SF:/modernize-data/studio-data/TNT1001/APP883829/transformed-code/130/studio-workspace/Tour_Mgmt-rahcpm/src/Tour_Management.Domain/Entities/Tour.cs
FN:8,System.Int32 Tour_Management.Domain.Entities.Tour::get_TourId()
FNDA:36,System.Int32 Tour_Management.Domain.Entities.Tour::get_TourId()
DA:9,36
FN:11,System.String Tour_Management.Domain.Entities.Tour::get_TourName()
FNDA:110,System.String Tour_Management.Domain.Entities.Tour::get_TourName()
DA:12,110
FN:14,System.String Tour_Management.Domain.Entities.Tour::get_Place()
FNDA:100,System.String Tour_Management.Domain.Entities.Tour::get_Place()
DA:15,100
FN:17,System.Int32 Tour_Management.Domain.Entities.Tour::get_Days()
FNDA:52,System.Int32 Tour_Management.Domain.Entities.Tour::get_Days()
DA:18,52
FN:20,System.Decimal Tour_Management.Domain.Entities.Tour::get_Price()
FNDA:52,System.Decimal Tour_Management.Domain.Entities.Tour::get_Price()
DA:21,52
FN:23,System.String Tour_Management.Domain.Entities.Tour::get_Locations()
FNDA:94,System.String Tour_Management.Domain.Entities.Tour::get_Locations()
DA:24,94
FN:26,System.String Tour_Management.Domain.Entities.Tour::get_TourInfo()
FNDA:94,System.String Tour_Management.Domain.Entities.Tour::get_TourInfo()
DA:27,94
FN:29,System.String Tour_Management.Domain.Entities.Tour::get_Pic()
FNDA:25,System.String Tour_Management.Domain.Entities.Tour::get_Pic()
DA:30,25
FN:32,System.Boolean Tour_Management.Domain.Entities.Tour::get_IsActive()
FNDA:102,System.Boolean Tour_Management.Domain.Entities.Tour::get_IsActive()
DA:33,102
FN:35,System.DateTime Tour_Management.Domain.Entities.Tour::get_CreatedDate()
FNDA:72,System.DateTime Tour_Management.Domain.Entities.Tour::get_CreatedDate()
DA:36,72
FN:38,System.Nullable`1<System.DateTime> Tour_Management.Domain.Entities.Tour::get_ModifiedDate()
FNDA:21,System.Nullable`1<System.DateTime> Tour_Management.Domain.Entities.Tour::get_ModifiedDate()
DA:39,21
FN:41,System.Collections.Generic.ICollection`1<Tour_Management.Domain.Entities.Booking> Tour_Management.Domain.Entities.Tour::get_Bookings()
FNDA:55,System.Collections.Generic.ICollection`1<Tour_Management.Domain.Entities.Booking> Tour_Management.Domain.Entities.Tour::get_Bookings()
DA:42,55
LF:12
LH:12
BRF:0
BRH:0
FNF:12
FNH:12
end_of_record
SF:/modernize-data/studio-data/TNT1001/APP883829/transformed-code/130/studio-workspace/Tour_Mgmt-rahcpm/src/Tour_Management.Domain/Entities/UserInfo.cs
FN:8,System.String Tour_Management.Domain.Entities.UserInfo::get_Email()
FNDA:87,System.String Tour_Management.Domain.Entities.UserInfo::get_Email()
DA:9,87
FN:11,System.String Tour_Management.Domain.Entities.UserInfo::get_FirstName()
FNDA:83,System.String Tour_Management.Domain.Entities.UserInfo::get_FirstName()
DA:12,83
FN:14,System.String Tour_Management.Domain.Entities.UserInfo::get_LastName()
FNDA:80,System.String Tour_Management.Domain.Entities.UserInfo::get_LastName()
DA:15,80
FN:17,System.String Tour_Management.Domain.Entities.UserInfo::get_Gender()
FNDA:75,System.String Tour_Management.Domain.Entities.UserInfo::get_Gender()
DA:18,75
FN:20,System.String Tour_Management.Domain.Entities.UserInfo::get_Password()
FNDA:67,System.String Tour_Management.Domain.Entities.UserInfo::get_Password()
DA:21,67
FN:23,System.DateTime Tour_Management.Domain.Entities.UserInfo::get_Dob()
FNDA:20,System.DateTime Tour_Management.Domain.Entities.UserInfo::get_Dob()
DA:24,20
FN:26,System.String Tour_Management.Domain.Entities.UserInfo::get_Street()
FNDA:72,System.String Tour_Management.Domain.Entities.UserInfo::get_Street()
DA:27,72
FN:29,System.String Tour_Management.Domain.Entities.UserInfo::get_City()
FNDA:72,System.String Tour_Management.Domain.Entities.UserInfo::get_City()
DA:30,72
FN:32,System.String Tour_Management.Domain.Entities.UserInfo::get_State()
FNDA:72,System.String Tour_Management.Domain.Entities.UserInfo::get_State()
DA:33,72
FN:35,System.String Tour_Management.Domain.Entities.UserInfo::get_Role()
FNDA:70,System.String Tour_Management.Domain.Entities.UserInfo::get_Role()
DA:36,70
FN:38,System.DateTime Tour_Management.Domain.Entities.UserInfo::get_CreatedDate()
FNDA:56,System.DateTime Tour_Management.Domain.Entities.UserInfo::get_CreatedDate()
DA:39,56
FN:41,System.Collections.Generic.ICollection`1<Tour_Management.Domain.Entities.Booking> Tour_Management.Domain.Entities.UserInfo::get_Bookings()
FNDA:46,System.Collections.Generic.ICollection`1<Tour_Management.Domain.Entities.Booking> Tour_Management.Domain.Entities.UserInfo::get_Bookings()
DA:42,46
LF:12
LH:12
BRF:0
BRH:0
FNF:12
FNH:12
end_of_record
SF:/modernize-data/studio-data/TNT1001/APP883829/transformed-code/130/studio-workspace/Tour_Mgmt-rahcpm/src/Tour_Management.Infrastructure/Repositories/BookingRepository.cs
FN:17,System.Void Tour_Management.Infrastructure.Repositories.BookingRepository::.ctor(Tour_Management.Infrastructure.Data.TourManagementDbContext,Microsoft.Extensions.Logging.ILogger`1<Tour_Management.Infrastructure.Repositories.BookingRepository>)
FNDA:17,System.Void Tour_Management.Infrastructure.Repositories.BookingRepository::.ctor(Tour_Management.Infrastructure.Data.TourManagementDbContext,Microsoft.Extensions.Logging.ILogger`1<Tour_Management.Infrastructure.Repositories.BookingRepository>)
DA:18,17
DA:19,17
DA:20,17
DA:21,17
DA:22,17
FN:50,System.Void Tour_Management.Infrastructure.Repositories.BookingRepository/<AddAsync>d__6::MoveNext()
FNDA:1,System.Void Tour_Management.Infrastructure.Repositories.BookingRepository/<AddAsync>d__6::MoveNext()
DA:51,1
DA:52,1
DA:53,1
DA:54,1
DA:55,1
FN:66,System.Void Tour_Management.Infrastructure.Repositories.BookingRepository/<DeleteAsync>d__8::MoveNext()
FNDA:2,System.Void Tour_Management.Infrastructure.Repositories.BookingRepository/<DeleteAsync>d__8::MoveNext()
DA:67,2
DA:68,2
DA:69,2
DA:70,1
DA:71,1
DA:72,1
DA:73,1
DA:74,2
BRDA:69,203,0,1
BRDA:69,203,1,2
FN:77,System.Void Tour_Management.Infrastructure.Repositories.BookingRepository/<ExistsAsync>d__9::MoveNext()
FNDA:2,System.Void Tour_Management.Infrastructure.Repositories.BookingRepository/<ExistsAsync>d__9::MoveNext()
DA:78,2
DA:79,2
DA:80,2
FN:25,System.Void Tour_Management.Infrastructure.Repositories.BookingRepository/<GetAllAsync>d__3::MoveNext()
FNDA:3,System.Void Tour_Management.Infrastructure.Repositories.BookingRepository/<GetAllAsync>d__3::MoveNext()
DA:26,3
DA:27,3
DA:28,3
DA:29,3
DA:30,3
DA:31,3
FN:34,System.Void Tour_Management.Infrastructure.Repositories.BookingRepository/<GetByIdAsync>d__4::MoveNext()
FNDA:2,System.Void Tour_Management.Infrastructure.Repositories.BookingRepository/<GetByIdAsync>d__4::MoveNext()
DA:35,2
DA:36,2
DA:37,2
DA:38,2
FN:41,System.Void Tour_Management.Infrastructure.Repositories.BookingRepository/<GetByUserEmailAsync>d__5::MoveNext()
FNDA:2,System.Void Tour_Management.Infrastructure.Repositories.BookingRepository/<GetByUserEmailAsync>d__5::MoveNext()
DA:42,2
DA:43,2
DA:44,2
DA:45,2
DA:46,2
DA:47,2
FN:83,System.Void Tour_Management.Infrastructure.Repositories.BookingRepository/<SearchAsync>d__10::MoveNext()
FNDA:4,System.Void Tour_Management.Infrastructure.Repositories.BookingRepository/<SearchAsync>d__10::MoveNext()
DA:84,4
DA:85,4
DA:86,4
DA:87,4
DA:88,4
DA:89,4
DA:90,4
FN:58,System.Void Tour_Management.Infrastructure.Repositories.BookingRepository/<UpdateAsync>d__7::MoveNext()
FNDA:1,System.Void Tour_Management.Infrastructure.Repositories.BookingRepository/<UpdateAsync>d__7::MoveNext()
DA:59,1
DA:60,1
DA:61,1
DA:62,1
DA:63,1
LF:49
LH:49
BRF:2
BRH:2
FNF:9
FNH:9
end_of_record
SF:/modernize-data/studio-data/TNT1001/APP883829/transformed-code/130/studio-workspace/Tour_Mgmt-rahcpm/src/Tour_Management.Infrastructure/Repositories/TourRepository.cs
FN:17,System.Void Tour_Management.Infrastructure.Repositories.TourRepository::.ctor(Tour_Management.Infrastructure.Data.TourManagementDbContext,Microsoft.Extensions.Logging.ILogger`1<Tour_Management.Infrastructure.Repositories.TourRepository>)
FNDA:15,System.Void Tour_Management.Infrastructure.Repositories.TourRepository::.ctor(Tour_Management.Infrastructure.Data.TourManagementDbContext,Microsoft.Extensions.Logging.ILogger`1<Tour_Management.Infrastructure.Repositories.TourRepository>)
DA:18,15
DA:19,15
DA:20,15
DA:21,15
DA:22,15
FN:41,System.Void Tour_Management.Infrastructure.Repositories.TourRepository/<AddAsync>d__5::MoveNext()
FNDA:1,System.Void Tour_Management.Infrastructure.Repositories.TourRepository/<AddAsync>d__5::MoveNext()
DA:42,1
DA:43,1
DA:44,1
DA:45,1
DA:46,1
FN:57,System.Void Tour_Management.Infrastructure.Repositories.TourRepository/<DeleteAsync>d__7::MoveNext()
FNDA:2,System.Void Tour_Management.Infrastructure.Repositories.TourRepository/<DeleteAsync>d__7::MoveNext()
DA:58,2
DA:59,2
DA:60,2
DA:61,1
DA:62,1
DA:63,1
DA:64,1
DA:65,1
DA:66,2
BRDA:60,203,0,1
BRDA:60,203,1,2
FN:69,System.Void Tour_Management.Infrastructure.Repositories.TourRepository/<ExistsAsync>d__8::MoveNext()
FNDA:2,System.Void Tour_Management.Infrastructure.Repositories.TourRepository/<ExistsAsync>d__8::MoveNext()
DA:70,2
DA:71,2
DA:72,2
FN:25,System.Void Tour_Management.Infrastructure.Repositories.TourRepository/<GetAllAsync>d__3::MoveNext()
FNDA:3,System.Void Tour_Management.Infrastructure.Repositories.TourRepository/<GetAllAsync>d__3::MoveNext()
DA:26,3
DA:27,3
DA:28,3
DA:29,3
DA:30,3
DA:31,3
FN:34,System.Void Tour_Management.Infrastructure.Repositories.TourRepository/<GetByIdAsync>d__4::MoveNext()
FNDA:2,System.Void Tour_Management.Infrastructure.Repositories.TourRepository/<GetByIdAsync>d__4::MoveNext()
DA:35,2
DA:36,2
DA:37,2
DA:38,2
FN:75,System.Void Tour_Management.Infrastructure.Repositories.TourRepository/<SearchAsync>d__9::MoveNext()
FNDA:4,System.Void Tour_Management.Infrastructure.Repositories.TourRepository/<SearchAsync>d__9::MoveNext()
DA:76,4
DA:77,4
DA:78,4
DA:79,4
DA:80,4
DA:81,4
DA:82,4
FN:49,System.Void Tour_Management.Infrastructure.Repositories.TourRepository/<UpdateAsync>d__6::MoveNext()
FNDA:1,System.Void Tour_Management.Infrastructure.Repositories.TourRepository/<UpdateAsync>d__6::MoveNext()
DA:50,1
DA:51,1
DA:52,1
DA:53,1
DA:54,1
LF:44
LH:44
BRF:2
BRH:2
FNF:8
FNH:8
end_of_record
SF:/modernize-data/studio-data/TNT1001/APP883829/transformed-code/130/studio-workspace/Tour_Mgmt-rahcpm/src/Tour_Management.Infrastructure/Repositories/UserRepository.cs
FN:17,System.Void Tour_Management.Infrastructure.Repositories.UserRepository::.ctor(Tour_Management.Infrastructure.Data.TourManagementDbContext,Microsoft.Extensions.Logging.ILogger`1<Tour_Management.Infrastructure.Repositories.UserRepository>)
FNDA:15,System.Void Tour_Management.Infrastructure.Repositories.UserRepository::.ctor(Tour_Management.Infrastructure.Data.TourManagementDbContext,Microsoft.Extensions.Logging.ILogger`1<Tour_Management.Infrastructure.Repositories.UserRepository>)
DA:18,15
DA:19,15
DA:20,15
DA:21,15
DA:22,15
FN:38,System.Void Tour_Management.Infrastructure.Repositories.UserRepository/<AddAsync>d__5::MoveNext()
FNDA:1,System.Void Tour_Management.Infrastructure.Repositories.UserRepository/<AddAsync>d__5::MoveNext()
DA:39,1
DA:40,1
DA:41,1
DA:42,1
DA:43,1
FN:54,System.Void Tour_Management.Infrastructure.Repositories.UserRepository/<DeleteAsync>d__7::MoveNext()
FNDA:2,System.Void Tour_Management.Infrastructure.Repositories.UserRepository/<DeleteAsync>d__7::MoveNext()
DA:55,2
DA:56,2
DA:57,2
DA:58,1
DA:59,1
DA:60,1
DA:61,1
DA:62,2
BRDA:57,198,0,1
BRDA:57,198,1,2
FN:65,System.Void Tour_Management.Infrastructure.Repositories.UserRepository/<ExistsAsync>d__8::MoveNext()
FNDA:2,System.Void Tour_Management.Infrastructure.Repositories.UserRepository/<ExistsAsync>d__8::MoveNext()
DA:66,2
DA:67,2
DA:68,2
FN:25,System.Void Tour_Management.Infrastructure.Repositories.UserRepository/<GetAllAsync>d__3::MoveNext()
FNDA:2,System.Void Tour_Management.Infrastructure.Repositories.UserRepository/<GetAllAsync>d__3::MoveNext()
DA:26,2
DA:27,2
DA:28,2
FN:31,System.Void Tour_Management.Infrastructure.Repositories.UserRepository/<GetByEmailAsync>d__4::MoveNext()
FNDA:2,System.Void Tour_Management.Infrastructure.Repositories.UserRepository/<GetByEmailAsync>d__4::MoveNext()
DA:32,2
DA:33,2
DA:34,2
DA:35,2
FN:78,System.Void Tour_Management.Infrastructure.Repositories.UserRepository/<SearchAsync>d__10::MoveNext()
FNDA:3,System.Void Tour_Management.Infrastructure.Repositories.UserRepository/<SearchAsync>d__10::MoveNext()
DA:79,3
DA:80,3
DA:81,3
DA:82,3
DA:83,3
DA:84,3
DA:85,3
DA:86,3
FN:46,System.Void Tour_Management.Infrastructure.Repositories.UserRepository/<UpdateAsync>d__6::MoveNext()
FNDA:1,System.Void Tour_Management.Infrastructure.Repositories.UserRepository/<UpdateAsync>d__6::MoveNext()
DA:47,1
DA:48,1
DA:49,1
DA:50,1
DA:51,1
FN:71,System.Void Tour_Management.Infrastructure.Repositories.UserRepository/<ValidateCredentialsAsync>d__9::MoveNext()
FNDA:2,System.Void Tour_Management.Infrastructure.Repositories.UserRepository/<ValidateCredentialsAsync>d__9::MoveNext()
DA:72,2
DA:73,2
DA:74,2
DA:75,2
LF:45
LH:45
BRF:2
BRH:2
FNF:9
FNH:9
end_of_record
SF:/modernize-data/studio-data/TNT1001/APP883829/transformed-code/130/studio-workspace/Tour_Mgmt-rahcpm/src/Tour_Management.Infrastructure/Extensions/ServiceCollectionExtensions.cs
FN:20,Microsoft.Extensions.DependencyInjection.IServiceCollection Tour_Management.Infrastructure.Extensions.ServiceCollectionExtensions::AddInfrastructureServices(Microsoft.Extensions.DependencyInjection.IServiceCollection,Microsoft.Extensions.Configuration.IConfiguration)
FNDA:0,Microsoft.Extensions.DependencyInjection.IServiceCollection Tour_Management.Infrastructure.Extensions.ServiceCollectionExtensions::AddInfrastructureServices(Microsoft.Extensions.DependencyInjection.IServiceCollection,Microsoft.Extensions.Configuration.IConfiguration)
DA:21,0
DA:23,0
DA:24,0
DA:25,0
DA:26,0
DA:27,0
DA:28,0
DA:29,0
DA:32,0
DA:33,0
DA:34,0
DA:36,0
DA:37,0
LF:13
LH:0
BRF:0
BRH:0
FNF:1
FNH:0
end_of_record
SF:/modernize-data/studio-data/TNT1001/APP883829/transformed-code/130/studio-workspace/Tour_Mgmt-rahcpm/src/Tour_Management.Infrastructure/Data/TourManagementDbContext.cs
FN:15,Microsoft.EntityFrameworkCore.DbSet`1<Tour_Management.Domain.Entities.UserInfo> Tour_Management.Infrastructure.Data.TourManagementDbContext::get_UserInfos()
FNDA:121,Microsoft.EntityFrameworkCore.DbSet`1<Tour_Management.Domain.Entities.UserInfo> Tour_Management.Infrastructure.Data.TourManagementDbContext::get_UserInfos()
DA:16,121
FN:18,Microsoft.EntityFrameworkCore.DbSet`1<Tour_Management.Domain.Entities.Tour> Tour_Management.Infrastructure.Data.TourManagementDbContext::get_Tours()
FNDA:122,Microsoft.EntityFrameworkCore.DbSet`1<Tour_Management.Domain.Entities.Tour> Tour_Management.Infrastructure.Data.TourManagementDbContext::get_Tours()
DA:19,122
FN:21,Microsoft.EntityFrameworkCore.DbSet`1<Tour_Management.Domain.Entities.Booking> Tour_Management.Infrastructure.Data.TourManagementDbContext::get_Bookings()
FNDA:125,Microsoft.EntityFrameworkCore.DbSet`1<Tour_Management.Domain.Entities.Booking> Tour_Management.Infrastructure.Data.TourManagementDbContext::get_Bookings()
DA:22,125
FN:25,System.Void Tour_Management.Infrastructure.Data.TourManagementDbContext::OnModelCreating(Microsoft.EntityFrameworkCore.ModelBuilder)
FNDA:1,System.Void Tour_Management.Infrastructure.Data.TourManagementDbContext::OnModelCreating(Microsoft.EntityFrameworkCore.ModelBuilder)
DA:26,1
DA:27,1
DA:28,1
DA:29,1
DA:30,1
DA:31,1
FN:12,System.Void Tour_Management.Infrastructure.Data.TourManagementDbContext::.ctor(Microsoft.EntityFrameworkCore.DbContextOptions`1<Tour_Management.Infrastructure.Data.TourManagementDbContext>)
FNDA:141,System.Void Tour_Management.Infrastructure.Data.TourManagementDbContext::.ctor(Microsoft.EntityFrameworkCore.DbContextOptions`1<Tour_Management.Infrastructure.Data.TourManagementDbContext>)
DA:13,141
LF:10
LH:10
BRF:0
BRH:0
FNF:5
FNH:5
end_of_record
SF:/modernize-data/studio-data/TNT1001/APP883829/transformed-code/130/studio-workspace/Tour_Mgmt-rahcpm/src/Tour_Management.Infrastructure/Data/Configurations/EntityConfigurations.cs
FN:11,System.Void Tour_Management.Infrastructure.Data.Configurations.UserInfoConfiguration::Configure(Microsoft.EntityFrameworkCore.Metadata.Builders.EntityTypeBuilder`1<Tour_Management.Domain.Entities.UserInfo>)
FNDA:1,System.Void Tour_Management.Infrastructure.Data.Configurations.UserInfoConfiguration::Configure(Microsoft.EntityFrameworkCore.Metadata.Builders.EntityTypeBuilder`1<Tour_Management.Domain.Entities.UserInfo>)
DA:12,1
DA:13,2
DA:14,1
DA:15,1
DA:16,1
DA:17,1
DA:18,1
DA:19,1
DA:20,1
DA:21,1
DA:22,1
DA:23,1
DA:24,1
DA:25,1
DA:27,1
DA:28,1
DA:29,1
DA:30,1
DA:31,1
DA:32,1
FN:39,System.Void Tour_Management.Infrastructure.Data.Configurations.TourConfiguration::Configure(Microsoft.EntityFrameworkCore.Metadata.Builders.EntityTypeBuilder`1<Tour_Management.Domain.Entities.Tour>)
FNDA:1,System.Void Tour_Management.Infrastructure.Data.Configurations.TourConfiguration::Configure(Microsoft.EntityFrameworkCore.Metadata.Builders.EntityTypeBuilder`1<Tour_Management.Domain.Entities.Tour>)
DA:40,1
DA:41,1
DA:42,1
DA:43,1
DA:44,1
DA:45,1
DA:46,1
DA:47,1
DA:48,1
DA:49,1
DA:50,1
DA:51,1
DA:52,1
DA:54,1
DA:55,1
DA:56,1
DA:57,1
DA:58,1
FN:65,System.Void Tour_Management.Infrastructure.Data.Configurations.BookingConfiguration::Configure(Microsoft.EntityFrameworkCore.Metadata.Builders.EntityTypeBuilder`1<Tour_Management.Domain.Entities.Booking>)
FNDA:1,System.Void Tour_Management.Infrastructure.Data.Configurations.BookingConfiguration::Configure(Microsoft.EntityFrameworkCore.Metadata.Builders.EntityTypeBuilder`1<Tour_Management.Domain.Entities.Booking>)
DA:66,1
DA:67,1
DA:68,1
DA:69,1
DA:70,1
DA:71,1
DA:72,1
DA:73,1
DA:74,1
DA:75,1
DA:76,1
DA:77,1
LF:50
LH:50
BRF:0
BRH:0
FNF:3
FNH:3
end_of_record
SF:/modernize-data/studio-data/TNT1001/APP883829/transformed-code/130/studio-workspace/Tour_Mgmt-rahcpm/src/Tour_Management.Application/Validators/Validators.cs
FN:9,System.Void Tour_Management.Application.Validators.UserCreateDtoValidator::.ctor()
FNDA:30,System.Void Tour_Management.Application.Validators.UserCreateDtoValidator::.ctor()
DA:10,30
DA:11,30
DA:12,30
DA:13,30
DA:14,30
DA:15,30
DA:17,30
DA:18,30
DA:19,30
DA:21,30
DA:22,30
DA:23,30
DA:25,30
DA:26,30
DA:27,44
DA:29,30
DA:30,30
DA:31,30
DA:32,30
DA:34,30
DA:35,30
DA:36,30
DA:38,30
DA:39,30
DA:40,30
DA:42,30
DA:43,30
DA:44,30
DA:46,30
DA:47,30
DA:48,30
DA:49,30
BRDA:27,11,0,2
BRDA:27,11,1,12
FN:55,System.Void Tour_Management.Application.Validators.TourCreateDtoValidator::.ctor()
FNDA:30,System.Void Tour_Management.Application.Validators.TourCreateDtoValidator::.ctor()
DA:56,30
DA:57,30
DA:58,30
DA:59,30
DA:60,30
DA:62,30
DA:63,30
DA:64,30
DA:66,30
DA:67,30
DA:68,30
DA:70,30
DA:71,30
DA:73,30
DA:74,30
DA:75,30
DA:77,30
DA:78,30
DA:79,30
DA:80,30
FN:86,System.Void Tour_Management.Application.Validators.BookingCreateDtoValidator::.ctor()
FNDA:30,System.Void Tour_Management.Application.Validators.BookingCreateDtoValidator::.ctor()
DA:87,30
DA:88,30
DA:89,30
DA:90,30
DA:91,30
DA:93,30
DA:94,30
DA:95,30
DA:97,30
DA:98,30
DA:99,30
DA:100,30
DA:102,30
DA:103,30
DA:104,30
DA:105,30
LF:68
LH:68
BRF:2
BRH:2
FNF:3
FNH:3
end_of_record
SF:/modernize-data/studio-data/TNT1001/APP883829/transformed-code/130/studio-workspace/Tour_Mgmt-rahcpm/src/Tour_Management.Application/Services/BookingService.cs
FN:20,System.Void Tour_Management.Application.Services.BookingService::.ctor(Tour_Management.Domain.Interfaces.Repositories.IBookingRepository,AutoMapper.IMapper,Microsoft.Extensions.Logging.ILogger`1<Tour_Management.Application.Services.BookingService>)
FNDA:15,System.Void Tour_Management.Application.Services.BookingService::.ctor(Tour_Management.Domain.Interfaces.Repositories.IBookingRepository,AutoMapper.IMapper,Microsoft.Extensions.Logging.ILogger`1<Tour_Management.Application.Services.BookingService>)
DA:21,15
DA:22,15
DA:23,15
DA:24,15
DA:25,15
DA:26,15
FN:77,System.Void Tour_Management.Application.Services.BookingService/<CreateAsync>d__7::MoveNext()
FNDA:2,System.Void Tour_Management.Application.Services.BookingService/<CreateAsync>d__7::MoveNext()
DA:78,2
DA:80,2
DA:81,2
DA:82,2
DA:83,2
DA:84,1
DA:85,1
DA:87,1
DA:88,1
DA:89,1
DA:90,1
DA:92,1
FN:120,System.Void Tour_Management.Application.Services.BookingService/<DeleteAsync>d__9::MoveNext()
FNDA:2,System.Void Tour_Management.Application.Services.BookingService/<DeleteAsync>d__9::MoveNext()
DA:121,2
DA:123,2
DA:124,2
DA:125,2
DA:126,1
DA:128,1
DA:129,1
DA:130,1
DA:131,1
DA:132,1
DA:133,1
DA:135,0
DA:136,0
DA:137,0
DA:138,0
DA:140,1
BRDA:125,215,0,1
BRDA:125,215,1,1
FN:29,System.Void Tour_Management.Application.Services.BookingService/<GetAllAsync>d__4::MoveNext()
FNDA:3,System.Void Tour_Management.Application.Services.BookingService/<GetAllAsync>d__4::MoveNext()
DA:30,3
DA:32,3
DA:33,3
DA:34,3
DA:35,2
DA:37,1
DA:38,1
DA:39,1
DA:40,1
DA:42,2
FN:45,System.Void Tour_Management.Application.Services.BookingService/<GetByIdAsync>d__5::MoveNext()
FNDA:2,System.Void Tour_Management.Application.Services.BookingService/<GetByIdAsync>d__5::MoveNext()
DA:46,2
DA:48,2
DA:49,2
DA:50,2
DA:51,2
DA:53,0
DA:54,0
DA:55,0
DA:56,0
DA:58,2
BRDA:51,214,0,1
BRDA:51,214,1,1
FN:61,System.Void Tour_Management.Application.Services.BookingService/<GetByUserEmailAsync>d__6::MoveNext()
FNDA:2,System.Void Tour_Management.Application.Services.BookingService/<GetByUserEmailAsync>d__6::MoveNext()
DA:62,2
DA:64,2
DA:65,2
DA:66,2
DA:67,2
DA:69,0
DA:70,0
DA:71,0
DA:72,0
DA:74,2
FN:143,System.Void Tour_Management.Application.Services.BookingService/<SearchAsync>d__10::MoveNext()
FNDA:2,System.Void Tour_Management.Application.Services.BookingService/<SearchAsync>d__10::MoveNext()
DA:144,2
DA:146,2
DA:147,2
DA:148,2
DA:149,2
DA:151,0
DA:152,0
DA:153,0
DA:154,0
DA:156,2
FN:95,System.Void Tour_Management.Application.Services.BookingService/<UpdateAsync>d__8::MoveNext()
FNDA:2,System.Void Tour_Management.Application.Services.BookingService/<UpdateAsync>d__8::MoveNext()
DA:96,2
DA:98,2
DA:99,2
DA:100,2
DA:101,2
DA:103,1
DA:104,1
DA:105,1
DA:106,1
DA:108,1
DA:109,1
DA:110,1
DA:112,0
DA:113,0
DA:114,0
DA:115,0
DA:117,1
BRDA:100,212,0,1
BRDA:100,212,1,1
LF:91
LH:71
BRF:6
BRH:6
FNF:8
FNH:8
end_of_record
SF:/modernize-data/studio-data/TNT1001/APP883829/transformed-code/130/studio-workspace/Tour_Mgmt-rahcpm/src/Tour_Management.Application/Services/TourService.cs
FN:20,System.Void Tour_Management.Application.Services.TourService::.ctor(Tour_Management.Domain.Interfaces.Repositories.ITourRepository,AutoMapper.IMapper,Microsoft.Extensions.Logging.ILogger`1<Tour_Management.Application.Services.TourService>)
FNDA:17,System.Void Tour_Management.Application.Services.TourService::.ctor(Tour_Management.Domain.Interfaces.Repositories.ITourRepository,AutoMapper.IMapper,Microsoft.Extensions.Logging.ILogger`1<Tour_Management.Application.Services.TourService>)
DA:21,17
DA:22,17
DA:23,17
DA:24,17
DA:25,17
DA:26,17
FN:61,System.Void Tour_Management.Application.Services.TourService/<CreateAsync>d__6::MoveNext()
FNDA:3,System.Void Tour_Management.Application.Services.TourService/<CreateAsync>d__6::MoveNext()
DA:62,3
DA:64,3
DA:65,3
DA:66,3
DA:67,3
DA:68,2
DA:69,2
DA:71,1
DA:72,1
DA:73,1
DA:74,1
DA:76,2
FN:104,System.Void Tour_Management.Application.Services.TourService/<DeleteAsync>d__8::MoveNext()
FNDA:2,System.Void Tour_Management.Application.Services.TourService/<DeleteAsync>d__8::MoveNext()
DA:105,2
DA:107,2
DA:108,2
DA:109,2
DA:110,1
DA:112,1
DA:113,1
DA:114,1
DA:115,1
DA:116,1
DA:117,1
DA:119,0
DA:120,0
DA:121,0
DA:122,0
DA:124,1
BRDA:109,215,0,1
BRDA:109,215,1,1
FN:29,System.Void Tour_Management.Application.Services.TourService/<GetAllAsync>d__4::MoveNext()
FNDA:4,System.Void Tour_Management.Application.Services.TourService/<GetAllAsync>d__4::MoveNext()
DA:30,4
DA:32,4
DA:33,4
DA:34,4
DA:35,3
DA:37,1
DA:38,1
DA:39,1
DA:40,1
DA:42,3
FN:45,System.Void Tour_Management.Application.Services.TourService/<GetByIdAsync>d__5::MoveNext()
FNDA:4,System.Void Tour_Management.Application.Services.TourService/<GetByIdAsync>d__5::MoveNext()
DA:46,4
DA:48,4
DA:49,4
DA:50,4
DA:51,4
DA:53,0
DA:54,0
DA:55,0
DA:56,0
DA:58,4
BRDA:51,214,0,2
BRDA:51,214,1,2
FN:127,System.Void Tour_Management.Application.Services.TourService/<SearchAsync>d__9::MoveNext()
FNDA:2,System.Void Tour_Management.Application.Services.TourService/<SearchAsync>d__9::MoveNext()
DA:128,2
DA:130,2
DA:131,2
DA:132,2
DA:133,2
DA:135,0
DA:136,0
DA:137,0
DA:138,0
DA:140,2
FN:79,System.Void Tour_Management.Application.Services.TourService/<UpdateAsync>d__7::MoveNext()
FNDA:2,System.Void Tour_Management.Application.Services.TourService/<UpdateAsync>d__7::MoveNext()
DA:80,2
DA:82,2
DA:83,2
DA:84,2
DA:85,2
DA:87,1
DA:88,1
DA:89,1
DA:90,1
DA:92,1
DA:93,1
DA:94,1
DA:96,0
DA:97,0
DA:98,0
DA:99,0
DA:101,1
BRDA:84,212,0,1
BRDA:84,212,1,1
LF:81
LH:65
BRF:6
BRH:6
FNF:7
FNH:7
end_of_record
SF:/modernize-data/studio-data/TNT1001/APP883829/transformed-code/130/studio-workspace/Tour_Mgmt-rahcpm/src/Tour_Management.Application/Services/UserService.cs
FN:20,System.Void Tour_Management.Application.Services.UserService::.ctor(Tour_Management.Domain.Interfaces.Repositories.IUserRepository,AutoMapper.IMapper,Microsoft.Extensions.Logging.ILogger`1<Tour_Management.Application.Services.UserService>)
FNDA:16,System.Void Tour_Management.Application.Services.UserService::.ctor(Tour_Management.Domain.Interfaces.Repositories.IUserRepository,AutoMapper.IMapper,Microsoft.Extensions.Logging.ILogger`1<Tour_Management.Application.Services.UserService>)
DA:21,16
DA:22,16
DA:23,16
DA:24,16
DA:25,16
DA:26,16
FN:61,System.Void Tour_Management.Application.Services.UserService/<CreateAsync>d__6::MoveNext()
FNDA:2,System.Void Tour_Management.Application.Services.UserService/<CreateAsync>d__6::MoveNext()
DA:62,2
DA:64,2
DA:65,2
DA:67,2
DA:68,1
DA:70,1
DA:71,1
DA:73,1
DA:74,1
DA:75,1
DA:77,1
DA:78,1
DA:79,1
DA:81,0
DA:82,0
DA:83,0
DA:84,0
DA:86,1
BRDA:67,218,0,1
BRDA:67,218,1,1
FN:114,System.Void Tour_Management.Application.Services.UserService/<DeleteAsync>d__8::MoveNext()
FNDA:2,System.Void Tour_Management.Application.Services.UserService/<DeleteAsync>d__8::MoveNext()
DA:115,2
DA:117,2
DA:118,2
DA:119,2
DA:120,1
DA:122,1
DA:123,1
DA:124,1
DA:125,1
DA:126,1
DA:127,1
DA:129,0
DA:130,0
DA:131,0
DA:132,0
DA:134,1
BRDA:119,207,0,1
BRDA:119,207,1,1
FN:29,System.Void Tour_Management.Application.Services.UserService/<GetAllAsync>d__4::MoveNext()
FNDA:3,System.Void Tour_Management.Application.Services.UserService/<GetAllAsync>d__4::MoveNext()
DA:30,3
DA:32,3
DA:33,3
DA:34,3
DA:35,2
DA:37,1
DA:38,1
DA:39,1
DA:40,1
DA:42,2
FN:45,System.Void Tour_Management.Application.Services.UserService/<GetByEmailAsync>d__5::MoveNext()
FNDA:2,System.Void Tour_Management.Application.Services.UserService/<GetByEmailAsync>d__5::MoveNext()
DA:46,2
DA:48,2
DA:49,2
DA:50,2
DA:51,2
DA:53,0
DA:54,0
DA:55,0
DA:56,0
DA:58,2
BRDA:51,209,0,1
BRDA:51,209,1,1
FN:158,System.Void Tour_Management.Application.Services.UserService/<SearchAsync>d__10::MoveNext()
FNDA:2,System.Void Tour_Management.Application.Services.UserService/<SearchAsync>d__10::MoveNext()
DA:159,2
DA:161,2
DA:162,2
DA:163,2
DA:164,2
DA:166,0
DA:167,0
DA:168,0
DA:169,0
DA:171,2
FN:89,System.Void Tour_Management.Application.Services.UserService/<UpdateAsync>d__7::MoveNext()
FNDA:2,System.Void Tour_Management.Application.Services.UserService/<UpdateAsync>d__7::MoveNext()
DA:90,2
DA:92,2
DA:93,2
DA:94,2
DA:95,2
DA:97,1
DA:98,1
DA:99,1
DA:100,1
DA:102,1
DA:103,1
DA:104,1
DA:106,0
DA:107,0
DA:108,0
DA:109,0
DA:111,1
BRDA:94,204,0,1
BRDA:94,204,1,1
FN:137,System.Void Tour_Management.Application.Services.UserService/<ValidateLoginAsync>d__9::MoveNext()
FNDA:3,System.Void Tour_Management.Application.Services.UserService/<ValidateLoginAsync>d__9::MoveNext()
DA:138,3
DA:140,3
DA:141,3
DA:142,3
DA:143,4
DA:145,2
DA:146,3
DA:148,1
DA:150,0
DA:151,0
DA:152,0
DA:153,0
DA:155,3
BRDA:143,216,0,1
BRDA:143,216,1,2
BRDA:146,268,0,1
BRDA:146,268,1,1
LF:100
LH:76
BRF:12
BRH:12
FNF:8
FNH:8
end_of_record
SF:/modernize-data/studio-data/TNT1001/APP883829/transformed-code/130/studio-workspace/Tour_Mgmt-rahcpm/src/Tour_Management.Application/Mappings/MappingProfile.cs
FN:12,System.Void Tour_Management.Application.Mappings.MappingProfile::.ctor()
FNDA:58,System.Void Tour_Management.Application.Mappings.MappingProfile::.ctor()
DA:13,58
DA:14,58
DA:16,58
DA:17,58
DA:18,58
DA:19,116
DA:20,58
DA:21,58
DA:22,58
DA:23,58
DA:24,116
DA:27,58
DA:28,58
DA:29,58
DA:30,58
DA:31,58
DA:32,116
DA:33,58
DA:34,58
DA:35,58
DA:36,116
DA:39,58
DA:40,58
DA:41,58
DA:42,58
DA:43,116
DA:44,58
DA:45,58
DA:46,116
DA:47,58
LF:30
LH:30
BRF:0
BRH:0
FNF:1
FNH:1
end_of_record
SF:/modernize-data/studio-data/TNT1001/APP883829/transformed-code/130/studio-workspace/Tour_Mgmt-rahcpm/src/Tour_Management.Application/Extensions/ServiceCollectionExtensions.cs
FN:20,Microsoft.Extensions.DependencyInjection.IServiceCollection Tour_Management.Application.Extensions.ServiceCollectionExtensions::AddApplicationServices(Microsoft.Extensions.DependencyInjection.IServiceCollection)
FNDA:0,Microsoft.Extensions.DependencyInjection.IServiceCollection Tour_Management.Application.Extensions.ServiceCollectionExtensions::AddApplicationServices(Microsoft.Extensions.DependencyInjection.IServiceCollection)
DA:21,0
DA:23,0
DA:26,0
DA:27,0
DA:28,0
DA:31,0
DA:32,0
DA:33,0
DA:35,0
DA:36,0
LF:10
LH:0
BRF:0
BRH:0
FNF:1
FNH:0
end_of_record
SF:/modernize-data/studio-data/TNT1001/APP883829/transformed-code/130/studio-workspace/Tour_Mgmt-rahcpm/src/Tour_Management.Application/DTOs/Dtos.cs
FN:5,System.String Tour_Management.Application.DTOs.UserDto::get_Email()
FNDA:25,System.String Tour_Management.Application.DTOs.UserDto::get_Email()
DA:6,25
FN:6,System.String Tour_Management.Application.DTOs.UserDto::get_FirstName()
FNDA:23,System.String Tour_Management.Application.DTOs.UserDto::get_FirstName()
DA:7,23
FN:7,System.String Tour_Management.Application.DTOs.UserDto::get_LastName()
FNDA:22,System.String Tour_Management.Application.DTOs.UserDto::get_LastName()
DA:8,22
FN:8,System.String Tour_Management.Application.DTOs.UserDto::get_Gender()
FNDA:22,System.String Tour_Management.Application.DTOs.UserDto::get_Gender()
DA:9,22
FN:9,System.DateTime Tour_Management.Application.DTOs.UserDto::get_Dob()
FNDA:11,System.DateTime Tour_Management.Application.DTOs.UserDto::get_Dob()
DA:10,11
FN:10,System.String Tour_Management.Application.DTOs.UserDto::get_Street()
FNDA:22,System.String Tour_Management.Application.DTOs.UserDto::get_Street()
DA:11,22
FN:11,System.String Tour_Management.Application.DTOs.UserDto::get_City()
FNDA:22,System.String Tour_Management.Application.DTOs.UserDto::get_City()
DA:12,22
FN:12,System.String Tour_Management.Application.DTOs.UserDto::get_State()
FNDA:22,System.String Tour_Management.Application.DTOs.UserDto::get_State()
DA:13,22
FN:13,System.String Tour_Management.Application.DTOs.UserDto::get_Role()
FNDA:22,System.String Tour_Management.Application.DTOs.UserDto::get_Role()
DA:14,22
FN:14,System.DateTime Tour_Management.Application.DTOs.UserDto::get_CreatedDate()
FNDA:11,System.DateTime Tour_Management.Application.DTOs.UserDto::get_CreatedDate()
DA:15,11
FN:20,System.String Tour_Management.Application.DTOs.UserCreateDto::get_Email()
FNDA:70,System.String Tour_Management.Application.DTOs.UserCreateDto::get_Email()
DA:21,70
FN:21,System.String Tour_Management.Application.DTOs.UserCreateDto::get_FirstName()
FNDA:57,System.String Tour_Management.Application.DTOs.UserCreateDto::get_FirstName()
DA:22,57
FN:22,System.String Tour_Management.Application.DTOs.UserCreateDto::get_LastName()
FNDA:57,System.String Tour_Management.Application.DTOs.UserCreateDto::get_LastName()
DA:23,57
FN:23,System.String Tour_Management.Application.DTOs.UserCreateDto::get_Gender()
FNDA:58,System.String Tour_Management.Application.DTOs.UserCreateDto::get_Gender()
DA:24,58
FN:24,System.String Tour_Management.Application.DTOs.UserCreateDto::get_Password()
FNDA:57,System.String Tour_Management.Application.DTOs.UserCreateDto::get_Password()
DA:25,57
FN:25,System.DateTime Tour_Management.Application.DTOs.UserCreateDto::get_Dob()
FNDA:35,System.DateTime Tour_Management.Application.DTOs.UserCreateDto::get_Dob()
DA:26,35
FN:26,System.String Tour_Management.Application.DTOs.UserCreateDto::get_Street()
FNDA:56,System.String Tour_Management.Application.DTOs.UserCreateDto::get_Street()
DA:27,56
FN:27,System.String Tour_Management.Application.DTOs.UserCreateDto::get_City()
FNDA:56,System.String Tour_Management.Application.DTOs.UserCreateDto::get_City()
DA:28,56
FN:28,System.String Tour_Management.Application.DTOs.UserCreateDto::get_State()
FNDA:56,System.String Tour_Management.Application.DTOs.UserCreateDto::get_State()
DA:29,56
FN:34,System.String Tour_Management.Application.DTOs.UserUpdateDto::get_FirstName()
FNDA:9,System.String Tour_Management.Application.DTOs.UserUpdateDto::get_FirstName()
DA:35,9
FN:35,System.String Tour_Management.Application.DTOs.UserUpdateDto::get_LastName()
FNDA:9,System.String Tour_Management.Application.DTOs.UserUpdateDto::get_LastName()
DA:36,9
FN:36,System.String Tour_Management.Application.DTOs.UserUpdateDto::get_Gender()
FNDA:9,System.String Tour_Management.Application.DTOs.UserUpdateDto::get_Gender()
DA:37,9
FN:37,System.DateTime Tour_Management.Application.DTOs.UserUpdateDto::get_Dob()
FNDA:4,System.DateTime Tour_Management.Application.DTOs.UserUpdateDto::get_Dob()
DA:38,4
FN:38,System.String Tour_Management.Application.DTOs.UserUpdateDto::get_Street()
FNDA:9,System.String Tour_Management.Application.DTOs.UserUpdateDto::get_Street()
DA:39,9
FN:39,System.String Tour_Management.Application.DTOs.UserUpdateDto::get_City()
FNDA:9,System.String Tour_Management.Application.DTOs.UserUpdateDto::get_City()
DA:40,9
FN:40,System.String Tour_Management.Application.DTOs.UserUpdateDto::get_State()
FNDA:9,System.String Tour_Management.Application.DTOs.UserUpdateDto::get_State()
DA:41,9
FN:46,System.Int32 Tour_Management.Application.DTOs.TourDto::get_TourId()
FNDA:17,System.Int32 Tour_Management.Application.DTOs.TourDto::get_TourId()
DA:47,17
FN:47,System.String Tour_Management.Application.DTOs.TourDto::get_TourName()
FNDA:33,System.String Tour_Management.Application.DTOs.TourDto::get_TourName()
DA:48,33
FN:48,System.String Tour_Management.Application.DTOs.TourDto::get_Place()
FNDA:28,System.String Tour_Management.Application.DTOs.TourDto::get_Place()
DA:49,28
FN:49,System.Int32 Tour_Management.Application.DTOs.TourDto::get_Days()
FNDA:15,System.Int32 Tour_Management.Application.DTOs.TourDto::get_Days()
DA:50,15
FN:50,System.Decimal Tour_Management.Application.DTOs.TourDto::get_Price()
FNDA:15,System.Decimal Tour_Management.Application.DTOs.TourDto::get_Price()
DA:51,15
FN:51,System.String Tour_Management.Application.DTOs.TourDto::get_Locations()
FNDA:28,System.String Tour_Management.Application.DTOs.TourDto::get_Locations()
DA:52,28
FN:52,System.String Tour_Management.Application.DTOs.TourDto::get_TourInfo()
FNDA:28,System.String Tour_Management.Application.DTOs.TourDto::get_TourInfo()
DA:53,28
FN:53,System.String Tour_Management.Application.DTOs.TourDto::get_Pic()
FNDA:15,System.String Tour_Management.Application.DTOs.TourDto::get_Pic()
DA:54,15
FN:54,System.Boolean Tour_Management.Application.DTOs.TourDto::get_IsActive()
FNDA:14,System.Boolean Tour_Management.Application.DTOs.TourDto::get_IsActive()
DA:55,14
FN:55,System.DateTime Tour_Management.Application.DTOs.TourDto::get_CreatedDate()
FNDA:14,System.DateTime Tour_Management.Application.DTOs.TourDto::get_CreatedDate()
DA:56,14
FN:56,System.Nullable`1<System.DateTime> Tour_Management.Application.DTOs.TourDto::get_ModifiedDate()
FNDA:15,System.Nullable`1<System.DateTime> Tour_Management.Application.DTOs.TourDto::get_ModifiedDate()
DA:57,15
FN:62,System.String Tour_Management.Application.DTOs.TourCreateDto::get_TourName()
FNDA:49,System.String Tour_Management.Application.DTOs.TourCreateDto::get_TourName()
DA:63,49
FN:63,System.String Tour_Management.Application.DTOs.TourCreateDto::get_Place()
FNDA:44,System.String Tour_Management.Application.DTOs.TourCreateDto::get_Place()
DA:64,44
FN:64,System.Int32 Tour_Management.Application.DTOs.TourCreateDto::get_Days()
FNDA:31,System.Int32 Tour_Management.Application.DTOs.TourCreateDto::get_Days()
DA:65,31
FN:65,System.Decimal Tour_Management.Application.DTOs.TourCreateDto::get_Price()
FNDA:30,System.Decimal Tour_Management.Application.DTOs.TourCreateDto::get_Price()
DA:66,30
FN:66,System.String Tour_Management.Application.DTOs.TourCreateDto::get_Locations()
FNDA:42,System.String Tour_Management.Application.DTOs.TourCreateDto::get_Locations()
DA:67,42
FN:67,System.String Tour_Management.Application.DTOs.TourCreateDto::get_TourInfo()
FNDA:42,System.String Tour_Management.Application.DTOs.TourCreateDto::get_TourInfo()
DA:68,42
FN:68,System.String Tour_Management.Application.DTOs.TourCreateDto::get_Pic()
FNDA:7,System.String Tour_Management.Application.DTOs.TourCreateDto::get_Pic()
DA:69,7
FN:74,System.String Tour_Management.Application.DTOs.TourUpdateDto::get_TourName()
FNDA:9,System.String Tour_Management.Application.DTOs.TourUpdateDto::get_TourName()
DA:75,9
FN:75,System.String Tour_Management.Application.DTOs.TourUpdateDto::get_Place()
FNDA:9,System.String Tour_Management.Application.DTOs.TourUpdateDto::get_Place()
DA:76,9
FN:76,System.Int32 Tour_Management.Application.DTOs.TourUpdateDto::get_Days()
FNDA:5,System.Int32 Tour_Management.Application.DTOs.TourUpdateDto::get_Days()
DA:77,5
FN:77,System.Decimal Tour_Management.Application.DTOs.TourUpdateDto::get_Price()
FNDA:5,System.Decimal Tour_Management.Application.DTOs.TourUpdateDto::get_Price()
DA:78,5
FN:78,System.String Tour_Management.Application.DTOs.TourUpdateDto::get_Locations()
FNDA:9,System.String Tour_Management.Application.DTOs.TourUpdateDto::get_Locations()
DA:79,9
FN:79,System.String Tour_Management.Application.DTOs.TourUpdateDto::get_TourInfo()
FNDA:9,System.String Tour_Management.Application.DTOs.TourUpdateDto::get_TourInfo()
DA:80,9
FN:80,System.String Tour_Management.Application.DTOs.TourUpdateDto::get_Pic()
FNDA:3,System.String Tour_Management.Application.DTOs.TourUpdateDto::get_Pic()
DA:81,3
FN:81,System.Boolean Tour_Management.Application.DTOs.TourUpdateDto::get_IsActive()
FNDA:4,System.Boolean Tour_Management.Application.DTOs.TourUpdateDto::get_IsActive()
DA:82,4
FN:87,System.Int32 Tour_Management.Application.DTOs.BookingDto::get_BookingId()
FNDA:15,System.Int32 Tour_Management.Application.DTOs.BookingDto::get_BookingId()
DA:88,15
FN:88,System.String Tour_Management.Application.DTOs.BookingDto::get_TourName()
FNDA:26,System.String Tour_Management.Application.DTOs.BookingDto::get_TourName()
DA:89,26
FN:89,System.String Tour_Management.Application.DTOs.BookingDto::get_Place()
FNDA:24,System.String Tour_Management.Application.DTOs.BookingDto::get_Place()
DA:90,24
FN:90,System.String Tour_Management.Application.DTOs.BookingDto::get_Email()
FNDA:24,System.String Tour_Management.Application.DTOs.BookingDto::get_Email()
DA:91,24
FN:91,System.String Tour_Management.Application.DTOs.BookingDto::get_FirstName()
FNDA:24,System.String Tour_Management.Application.DTOs.BookingDto::get_FirstName()
DA:92,24
FN:92,System.Nullable`1<System.Int32> Tour_Management.Application.DTOs.BookingDto::get_TourId()
FNDA:13,System.Nullable`1<System.Int32> Tour_Management.Application.DTOs.BookingDto::get_TourId()
DA:93,13
FN:93,System.DateTime Tour_Management.Application.DTOs.BookingDto::get_BookingDate()
FNDA:12,System.DateTime Tour_Management.Application.DTOs.BookingDto::get_BookingDate()
DA:94,12
FN:94,System.Boolean Tour_Management.Application.DTOs.BookingDto::get_IsActive()
FNDA:12,System.Boolean Tour_Management.Application.DTOs.BookingDto::get_IsActive()
DA:95,12
FN:100,System.String Tour_Management.Application.DTOs.BookingCreateDto::get_TourName()
FNDA:36,System.String Tour_Management.Application.DTOs.BookingCreateDto::get_TourName()
DA:101,36
FN:101,System.String Tour_Management.Application.DTOs.BookingCreateDto::get_Place()
FNDA:35,System.String Tour_Management.Application.DTOs.BookingCreateDto::get_Place()
DA:102,35
FN:102,System.String Tour_Management.Application.DTOs.BookingCreateDto::get_Email()
FNDA:39,System.String Tour_Management.Application.DTOs.BookingCreateDto::get_Email()
DA:103,39
FN:103,System.String Tour_Management.Application.DTOs.BookingCreateDto::get_FirstName()
FNDA:35,System.String Tour_Management.Application.DTOs.BookingCreateDto::get_FirstName()
DA:104,35
FN:104,System.Nullable`1<System.Int32> Tour_Management.Application.DTOs.BookingCreateDto::get_TourId()
FNDA:8,System.Nullable`1<System.Int32> Tour_Management.Application.DTOs.BookingCreateDto::get_TourId()
DA:105,8
FN:110,System.String Tour_Management.Application.DTOs.BookingUpdateDto::get_TourName()
FNDA:9,System.String Tour_Management.Application.DTOs.BookingUpdateDto::get_TourName()
DA:111,9
FN:111,System.String Tour_Management.Application.DTOs.BookingUpdateDto::get_Place()
FNDA:9,System.String Tour_Management.Application.DTOs.BookingUpdateDto::get_Place()
DA:112,9
FN:112,System.String Tour_Management.Application.DTOs.BookingUpdateDto::get_Email()
FNDA:9,System.String Tour_Management.Application.DTOs.BookingUpdateDto::get_Email()
DA:113,9
FN:113,System.String Tour_Management.Application.DTOs.BookingUpdateDto::get_FirstName()
FNDA:9,System.String Tour_Management.Application.DTOs.BookingUpdateDto::get_FirstName()
DA:114,9
FN:114,System.Boolean Tour_Management.Application.DTOs.BookingUpdateDto::get_IsActive()
FNDA:4,System.Boolean Tour_Management.Application.DTOs.BookingUpdateDto::get_IsActive()
DA:115,4
LF:70
LH:70
BRF:0
BRH:0
FNF:70
FNH:70
end_of_record